#
# There is insufficient memory for the Java Runtime Environment to continue.
# Native memory allocation (malloc) failed to allocate 1752272 bytes for Chunk::new
# Possible reasons:
#   The system is out of physical RAM or swap space
#   The process is running with CompressedOops enabled, and the Java Heap may be blocking the growth of the native heap
# Possible solutions:
#   Reduce memory load on the system
#   Increase physical memory or swap space
#   Check if swap backing store is full
#   Decrease Java heap size (-Xmx/-Xms)
#   Decrease number of Java threads
#   Decrease Java thread stack sizes (-Xss)
#   Set larger code cache with -XX:ReservedCodeCacheSize=
#   JVM is running with Unscaled Compressed Oops mode in which the Java heap is
#     placed in the first 4GB address space. The Java Heap base address is the
#     maximum limit for the native heap growth. Please use -XX:HeapBaseMinAddress
#     to set the Java Heap base and to place the Java Heap above 4GB virtual address.
# This output file may be truncated or incomplete.
#
#  Out of Memory Error (arena.cpp:189), pid=6684, tid=12884
#
# JRE version: Java(TM) SE Runtime Environment (17.0.10+11) (build 17.0.10+11-LTS-240)
# Java VM: Java HotSpot(TM) 64-Bit Server VM (17.0.10+11-LTS-240, mixed mode, sharing, tiered, compressed oops, compressed class ptrs, g1 gc, windows-amd64)
# No core dump will be written. Minidumps are not enabled by default on client versions of Windows
#

---------------  S U M M A R Y ------------

Command Line: org.jetbrains.kotlin.cli.jvm.K2JVMCompiler @D:\thecoffeeshop\node_modules\react-native-screens\android\build\20240304_16306016836426352441.compiler.options

Host: 11th Gen Intel(R) Core(TM) i5-1135G7 @ 2.40GHz, 8 cores, 7G,  Windows 11 , 64 bit Build 22621 (10.0.22621.3085)
Time: Mon Mar  4 22:12:23 2024 SE Asia Standard Time elapsed time: 72.626113 seconds (0d 0h 1m 12s)

---------------  T H R E A D  ---------------

Current thread (0x0000021e79122590):  JavaThread "C2 CompilerThread0" daemon [_thread_in_native, id=12884, stack(0x000000c1ed100000,0x000000c1ed200000)]


Current CompileTask:
C2:  72627 22060       4       org.jetbrains.kotlin.backend.jvm.mapping.MethodSignatureMapper::mapFunctionName (342 bytes)

Stack: [0x000000c1ed100000,0x000000c1ed200000]
Native frames: (J=compiled Java code, j=interpreted, Vv=VM code, C=native code)
V  [jvm.dll+0x677a5a]
V  [jvm.dll+0x7d8b2d]
V  [jvm.dll+0x7da48e]
V  [jvm.dll+0x7daaf3]
V  [jvm.dll+0x2455ff]
V  [jvm.dll+0xaaafb]
V  [jvm.dll+0xab09c]
V  [jvm.dll+0x361bae]
V  [jvm.dll+0x32c211]
V  [jvm.dll+0x32b6aa]
V  [jvm.dll+0x21794f]
V  [jvm.dll+0x216d81]
V  [jvm.dll+0x1a3410]
V  [jvm.dll+0x226aeb]
V  [jvm.dll+0x224cab]
V  [jvm.dll+0x78e45c]
V  [jvm.dll+0x78888a]
V  [jvm.dll+0x676935]
C  [ucrtbase.dll+0x29363]
C  [KERNEL32.DLL+0x1257d]
C  [ntdll.dll+0x5aa58]


---------------  P R O C E S S  ---------------

Threads class SMR info:
_java_thread_list=0x0000021e431f9e40, length=12, elements={
0x0000021e5b1b6f50, 0x0000021e791067c0, 0x0000021e79108a30, 0x0000021e7911cb80,
0x0000021e7911d540, 0x0000021e7911ff10, 0x0000021e791208d0, 0x0000021e79122590,
0x0000021e79122f50, 0x0000021e7912a420, 0x0000021e7935e760, 0x0000021e793650a0
}

Java Threads: ( => current thread )
  0x0000021e5b1b6f50 JavaThread "main" [_thread_in_Java, id=13684, stack(0x000000c1ec400000,0x000000c1ec500000)]
  0x0000021e791067c0 JavaThread "Reference Handler" daemon [_thread_blocked, id=4568, stack(0x000000c1ecb00000,0x000000c1ecc00000)]
  0x0000021e79108a30 JavaThread "Finalizer" daemon [_thread_blocked, id=8060, stack(0x000000c1ecc00000,0x000000c1ecd00000)]
  0x0000021e7911cb80 JavaThread "Signal Dispatcher" daemon [_thread_blocked, id=19984, stack(0x000000c1ecd00000,0x000000c1ece00000)]
  0x0000021e7911d540 JavaThread "Attach Listener" daemon [_thread_blocked, id=5592, stack(0x000000c1ece00000,0x000000c1ecf00000)]
  0x0000021e7911ff10 JavaThread "Service Thread" daemon [_thread_blocked, id=4028, stack(0x000000c1ecf00000,0x000000c1ed000000)]
  0x0000021e791208d0 JavaThread "Monitor Deflation Thread" daemon [_thread_blocked, id=13640, stack(0x000000c1ed000000,0x000000c1ed100000)]
=>0x0000021e79122590 JavaThread "C2 CompilerThread0" daemon [_thread_in_native, id=12884, stack(0x000000c1ed100000,0x000000c1ed200000)]
  0x0000021e79122f50 JavaThread "C1 CompilerThread0" daemon [_thread_blocked, id=8324, stack(0x000000c1ed200000,0x000000c1ed300000)]
  0x0000021e7912a420 JavaThread "Sweeper thread" daemon [_thread_blocked, id=3376, stack(0x000000c1ed300000,0x000000c1ed400000)]
  0x0000021e7935e760 JavaThread "Notification Thread" daemon [_thread_blocked, id=9576, stack(0x000000c1ed400000,0x000000c1ed500000)]
  0x0000021e793650a0 JavaThread "Common-Cleaner" daemon [_thread_blocked, id=7984, stack(0x000000c1ed600000,0x000000c1ed700000)]

Other Threads:
  0x0000021e79101570 VMThread "VM Thread" [stack: 0x000000c1eca00000,0x000000c1ecb00000] [id=10204]
  0x0000021e79364c60 WatcherThread [stack: 0x000000c1ed500000,0x000000c1ed600000] [id=2544]
  0x0000021e5b210190 GCTaskThread "GC Thread#0" [stack: 0x000000c1ec500000,0x000000c1ec600000] [id=6060]
  0x0000021e796018d0 GCTaskThread "GC Thread#1" [stack: 0x000000c1ed700000,0x000000c1ed800000] [id=2452]
  0x0000021e79602c10 GCTaskThread "GC Thread#2" [stack: 0x000000c1ed800000,0x000000c1ed900000] [id=19384]
  0x0000021e79601e50 GCTaskThread "GC Thread#3" [stack: 0x000000c1ed900000,0x000000c1eda00000] [id=13168]
  0x0000021e79602690 GCTaskThread "GC Thread#4" [stack: 0x000000c1eda00000,0x000000c1edb00000] [id=7224]
  0x0000021e796023d0 GCTaskThread "GC Thread#5" [stack: 0x000000c1edb00000,0x000000c1edc00000] [id=18984]
  0x0000021e79602950 GCTaskThread "GC Thread#6" [stack: 0x000000c1edc00000,0x000000c1edd00000] [id=8176]
  0x0000021e79601350 GCTaskThread "GC Thread#7" [stack: 0x000000c1edd00000,0x000000c1ede00000] [id=13800]
  0x0000021e5b220860 ConcurrentGCThread "G1 Main Marker" [stack: 0x000000c1ec600000,0x000000c1ec700000] [id=6496]
  0x0000021e5b222280 ConcurrentGCThread "G1 Conc#0" [stack: 0x000000c1ec700000,0x000000c1ec800000] [id=3592]
  0x0000021e79601b90 ConcurrentGCThread "G1 Conc#1" [stack: 0x000000c1ede00000,0x000000c1edf00000] [id=120]
  0x0000021e78fb20b0 ConcurrentGCThread "G1 Refine#0" [stack: 0x000000c1ec800000,0x000000c1ec900000] [id=1432]
  0x0000021e7e928030 ConcurrentGCThread "G1 Refine#1" [stack: 0x000000c1edf00000,0x000000c1ee000000] [id=8596]
  0x0000021e7e986430 ConcurrentGCThread "G1 Refine#2" [stack: 0x000000c1ee100000,0x000000c1ee200000] [id=7448]
  0x0000021e42a66c10 ConcurrentGCThread "G1 Refine#3" [stack: 0x000000c1ec100000,0x000000c1ec200000] [id=15844]
  0x0000021e78fb2ae0 ConcurrentGCThread "G1 Service" [stack: 0x000000c1ec900000,0x000000c1eca00000] [id=15904]

Threads with active compile tasks:
C2 CompilerThread0    72775 22060       4       org.jetbrains.kotlin.backend.jvm.mapping.MethodSignatureMapper::mapFunctionName (342 bytes)

VM state: not at safepoint (normal execution)

VM Mutex/Monitor currently owned by a thread: None

Heap address: 0x0000000084400000, size: 1980 MB, Compressed Oops mode: 32-bit

CDS archive(s) mapped at: [0x0000021e00000000-0x0000021e00bd0000-0x0000021e00bd0000), size 12386304, SharedBaseAddress: 0x0000021e00000000, ArchiveRelocationMode: 1.
Compressed class space mapped at: 0x0000021e01000000-0x0000021e41000000, reserved size: 1073741824
Narrow klass base: 0x0000021e00000000, Narrow klass shift: 0, Narrow klass range: 0x100000000

GC Precious Log:
 CPUs: 8 total, 8 available
 Memory: 7914M
 Large Page Support: Disabled
 NUMA Support: Disabled
 Compressed Oops: Enabled (32-bit)
 Heap Region Size: 1M
 Heap Min Capacity: 8M
 Heap Initial Capacity: 124M
 Heap Max Capacity: 1980M
 Pre-touch: Disabled
 Parallel Workers: 8
 Concurrent Workers: 2
 Concurrent Refinement Workers: 8
 Periodic GC: Disabled

Heap:
 garbage-first heap   total 239616K, used 179876K [0x0000000084400000, 0x0000000100000000)
  region size 1024K, 57 young (58368K), 8 survivors (8192K)
 Metaspace       used 84451K, committed 84864K, reserved 1179648K
  class space    used 8945K, committed 9152K, reserved 1048576K

Heap Regions: E=young(eden), S=young(survivor), O=old, HS=humongous(starts), HC=humongous(continues), CS=collection set, F=free, OA=open archive, CA=closed archive, TAMS=top-at-mark-start (previous, next)
|   0|0x0000000084400000, 0x0000000084500000, 0x0000000084500000|100%|HS|  |TAMS 0x0000000084500000, 0x0000000084400000| Complete 
|   1|0x0000000084500000, 0x0000000084600000, 0x0000000084600000|100%|HC|  |TAMS 0x0000000084600000, 0x0000000084500000| Complete 
|   2|0x0000000084600000, 0x0000000084700000, 0x0000000084700000|100%|HC|  |TAMS 0x0000000084700000, 0x0000000084600000| Complete 
|   3|0x0000000084700000, 0x0000000084800000, 0x0000000084800000|100%|HC|  |TAMS 0x0000000084800000, 0x0000000084700000| Complete 
|   4|0x0000000084800000, 0x0000000084900000, 0x0000000084900000|100%| O|  |TAMS 0x0000000084900000, 0x0000000084800000| Untracked 
|   5|0x0000000084900000, 0x0000000084a00000, 0x0000000084a00000|100%| O|  |TAMS 0x0000000084a00000, 0x0000000084900000| Untracked 
|   6|0x0000000084a00000, 0x0000000084b00000, 0x0000000084b00000|100%| O|  |TAMS 0x0000000084b00000, 0x0000000084a00000| Untracked 
|   7|0x0000000084b00000, 0x0000000084c00000, 0x0000000084c00000|100%|HS|  |TAMS 0x0000000084c00000, 0x0000000084b00000| Complete 
|   8|0x0000000084c00000, 0x0000000084d00000, 0x0000000084d00000|100%|HC|  |TAMS 0x0000000084d00000, 0x0000000084c00000| Complete 
|   9|0x0000000084d00000, 0x0000000084e00000, 0x0000000084e00000|100%|HC|  |TAMS 0x0000000084e00000, 0x0000000084d00000| Complete 
|  10|0x0000000084e00000, 0x0000000084f00000, 0x0000000084f00000|100%|HC|  |TAMS 0x0000000084f00000, 0x0000000084e00000| Complete 
|  11|0x0000000084f00000, 0x0000000085000000, 0x0000000085000000|100%|HS|  |TAMS 0x0000000085000000, 0x0000000084f00000| Complete 
|  12|0x0000000085000000, 0x0000000085100000, 0x0000000085100000|100%|HC|  |TAMS 0x0000000085100000, 0x0000000085000000| Complete 
|  13|0x0000000085100000, 0x0000000085200000, 0x0000000085200000|100%| O|  |TAMS 0x0000000085200000, 0x0000000085100000| Untracked 
|  14|0x0000000085200000, 0x0000000085300000, 0x0000000085300000|100%| O|  |TAMS 0x0000000085300000, 0x0000000085200000| Untracked 
|  15|0x0000000085300000, 0x0000000085400000, 0x0000000085400000|100%| O|  |TAMS 0x0000000085400000, 0x0000000085300000| Untracked 
|  16|0x0000000085400000, 0x0000000085500000, 0x0000000085500000|100%| O|  |TAMS 0x0000000085500000, 0x0000000085400000| Untracked 
|  17|0x0000000085500000, 0x0000000085600000, 0x0000000085600000|100%| O|  |TAMS 0x0000000085600000, 0x0000000085500000| Untracked 
|  18|0x0000000085600000, 0x0000000085700000, 0x0000000085700000|100%| O|  |TAMS 0x0000000085700000, 0x0000000085600000| Untracked 
|  19|0x0000000085700000, 0x0000000085800000, 0x0000000085800000|100%| O|  |TAMS 0x0000000085800000, 0x0000000085700000| Untracked 
|  20|0x0000000085800000, 0x0000000085900000, 0x0000000085900000|100%| O|  |TAMS 0x0000000085900000, 0x0000000085800000| Untracked 
|  21|0x0000000085900000, 0x0000000085a00000, 0x0000000085a00000|100%| O|  |TAMS 0x0000000085a00000, 0x0000000085900000| Untracked 
|  22|0x0000000085a00000, 0x0000000085b00000, 0x0000000085b00000|100%| O|  |TAMS 0x0000000085b00000, 0x0000000085a00000| Untracked 
|  23|0x0000000085b00000, 0x0000000085c00000, 0x0000000085c00000|100%| O|  |TAMS 0x0000000085c00000, 0x0000000085b00000| Untracked 
|  24|0x0000000085c00000, 0x0000000085d00000, 0x0000000085d00000|100%| O|  |TAMS 0x0000000085d00000, 0x0000000085c00000| Untracked 
|  25|0x0000000085d00000, 0x0000000085e00000, 0x0000000085e00000|100%| O|  |TAMS 0x0000000085e00000, 0x0000000085d00000| Untracked 
|  26|0x0000000085e00000, 0x0000000085f00000, 0x0000000085f00000|100%| O|  |TAMS 0x0000000085f00000, 0x0000000085e00000| Untracked 
|  27|0x0000000085f00000, 0x0000000086000000, 0x0000000086000000|100%| O|  |TAMS 0x0000000086000000, 0x0000000085f00000| Untracked 
|  28|0x0000000086000000, 0x0000000086100000, 0x0000000086100000|100%| O|  |TAMS 0x0000000086100000, 0x0000000086000000| Untracked 
|  29|0x0000000086100000, 0x0000000086200000, 0x0000000086200000|100%| O|  |TAMS 0x0000000086200000, 0x0000000086100000| Untracked 
|  30|0x0000000086200000, 0x0000000086300000, 0x0000000086300000|100%| O|  |TAMS 0x0000000086300000, 0x0000000086200000| Untracked 
|  31|0x0000000086300000, 0x0000000086400000, 0x0000000086400000|100%| O|  |TAMS 0x0000000086400000, 0x0000000086300000| Untracked 
|  32|0x0000000086400000, 0x0000000086500000, 0x0000000086500000|100%| O|  |TAMS 0x0000000086500000, 0x0000000086400000| Untracked 
|  33|0x0000000086500000, 0x0000000086600000, 0x0000000086600000|100%| O|  |TAMS 0x0000000086600000, 0x0000000086500000| Untracked 
|  34|0x0000000086600000, 0x0000000086700000, 0x0000000086700000|100%| O|  |TAMS 0x0000000086700000, 0x0000000086600000| Untracked 
|  35|0x0000000086700000, 0x0000000086800000, 0x0000000086800000|100%| O|  |TAMS 0x0000000086800000, 0x0000000086700000| Untracked 
|  36|0x0000000086800000, 0x0000000086900000, 0x0000000086900000|100%| O|  |TAMS 0x0000000086900000, 0x0000000086800000| Untracked 
|  37|0x0000000086900000, 0x0000000086a00000, 0x0000000086a00000|100%| O|  |TAMS 0x0000000086a00000, 0x0000000086900000| Untracked 
|  38|0x0000000086a00000, 0x0000000086b00000, 0x0000000086b00000|100%| O|  |TAMS 0x0000000086b00000, 0x0000000086a00000| Untracked 
|  39|0x0000000086b00000, 0x0000000086c00000, 0x0000000086c00000|100%| O|  |TAMS 0x0000000086c00000, 0x0000000086b00000| Untracked 
|  40|0x0000000086c00000, 0x0000000086d00000, 0x0000000086d00000|100%| O|  |TAMS 0x0000000086d00000, 0x0000000086c00000| Untracked 
|  41|0x0000000086d00000, 0x0000000086e00000, 0x0000000086e00000|100%| O|  |TAMS 0x0000000086e00000, 0x0000000086d00000| Untracked 
|  42|0x0000000086e00000, 0x0000000086f00000, 0x0000000086f00000|100%| O|  |TAMS 0x0000000086f00000, 0x0000000086e00000| Untracked 
|  43|0x0000000086f00000, 0x0000000087000000, 0x0000000087000000|100%| O|  |TAMS 0x0000000087000000, 0x0000000086f00000| Untracked 
|  44|0x0000000087000000, 0x0000000087100000, 0x0000000087100000|100%| O|  |TAMS 0x0000000087100000, 0x0000000087000000| Untracked 
|  45|0x0000000087100000, 0x0000000087200000, 0x0000000087200000|100%| O|  |TAMS 0x0000000087200000, 0x0000000087100000| Untracked 
|  46|0x0000000087200000, 0x0000000087300000, 0x0000000087300000|100%| O|  |TAMS 0x0000000087300000, 0x0000000087200000| Untracked 
|  47|0x0000000087300000, 0x0000000087400000, 0x0000000087400000|100%| O|  |TAMS 0x0000000087400000, 0x0000000087300000| Untracked 
|  48|0x0000000087400000, 0x0000000087500000, 0x0000000087500000|100%| O|  |TAMS 0x0000000087500000, 0x0000000087400000| Untracked 
|  49|0x0000000087500000, 0x0000000087600000, 0x0000000087600000|100%| O|  |TAMS 0x0000000087600000, 0x0000000087500000| Untracked 
|  50|0x0000000087600000, 0x0000000087700000, 0x0000000087700000|100%| O|  |TAMS 0x0000000087700000, 0x0000000087600000| Untracked 
|  51|0x0000000087700000, 0x0000000087800000, 0x0000000087800000|100%| O|  |TAMS 0x0000000087800000, 0x0000000087700000| Untracked 
|  52|0x0000000087800000, 0x0000000087900000, 0x0000000087900000|100%| O|  |TAMS 0x0000000087900000, 0x0000000087800000| Untracked 
|  53|0x0000000087900000, 0x0000000087a00000, 0x0000000087a00000|100%| O|  |TAMS 0x0000000087a00000, 0x0000000087900000| Untracked 
|  54|0x0000000087a00000, 0x0000000087b00000, 0x0000000087b00000|100%| O|  |TAMS 0x0000000087b00000, 0x0000000087a00000| Untracked 
|  55|0x0000000087b00000, 0x0000000087c00000, 0x0000000087c00000|100%| O|  |TAMS 0x0000000087c00000, 0x0000000087b00000| Untracked 
|  56|0x0000000087c00000, 0x0000000087d00000, 0x0000000087d00000|100%| O|  |TAMS 0x0000000087d00000, 0x0000000087c00000| Untracked 
|  57|0x0000000087d00000, 0x0000000087e00000, 0x0000000087e00000|100%| O|  |TAMS 0x0000000087e00000, 0x0000000087d00000| Untracked 
|  58|0x0000000087e00000, 0x0000000087f00000, 0x0000000087f00000|100%| O|  |TAMS 0x0000000087f00000, 0x0000000087e00000| Untracked 
|  59|0x0000000087f00000, 0x0000000088000000, 0x0000000088000000|100%| O|  |TAMS 0x0000000088000000, 0x0000000087f00000| Untracked 
|  60|0x0000000088000000, 0x0000000088100000, 0x0000000088100000|100%| O|  |TAMS 0x0000000088100000, 0x0000000088000000| Untracked 
|  61|0x0000000088100000, 0x0000000088200000, 0x0000000088200000|100%| O|  |TAMS 0x0000000088200000, 0x0000000088100000| Untracked 
|  62|0x0000000088200000, 0x0000000088300000, 0x0000000088300000|100%| O|  |TAMS 0x0000000088300000, 0x0000000088200000| Untracked 
|  63|0x0000000088300000, 0x0000000088400000, 0x0000000088400000|100%| O|  |TAMS 0x0000000088400000, 0x0000000088300000| Untracked 
|  64|0x0000000088400000, 0x0000000088500000, 0x0000000088500000|100%| O|  |TAMS 0x0000000088500000, 0x0000000088400000| Untracked 
|  65|0x0000000088500000, 0x0000000088600000, 0x0000000088600000|100%| O|  |TAMS 0x0000000088600000, 0x0000000088500000| Untracked 
|  66|0x0000000088600000, 0x0000000088700000, 0x0000000088700000|100%| O|  |TAMS 0x0000000088700000, 0x0000000088600000| Untracked 
|  67|0x0000000088700000, 0x0000000088800000, 0x0000000088800000|100%| O|  |TAMS 0x0000000088800000, 0x0000000088700000| Untracked 
|  68|0x0000000088800000, 0x0000000088900000, 0x0000000088900000|100%| O|  |TAMS 0x0000000088900000, 0x0000000088800000| Untracked 
|  69|0x0000000088900000, 0x0000000088a00000, 0x0000000088a00000|100%| O|  |TAMS 0x0000000088a00000, 0x0000000088900000| Untracked 
|  70|0x0000000088a00000, 0x0000000088b00000, 0x0000000088b00000|100%| O|  |TAMS 0x0000000088b00000, 0x0000000088a00000| Untracked 
|  71|0x0000000088b00000, 0x0000000088c00000, 0x0000000088c00000|100%| O|  |TAMS 0x0000000088c00000, 0x0000000088b00000| Untracked 
|  72|0x0000000088c00000, 0x0000000088d00000, 0x0000000088d00000|100%| O|  |TAMS 0x0000000088d00000, 0x0000000088c00000| Untracked 
|  73|0x0000000088d00000, 0x0000000088e00000, 0x0000000088e00000|100%| O|  |TAMS 0x0000000088e00000, 0x0000000088d00000| Untracked 
|  74|0x0000000088e00000, 0x0000000088f00000, 0x0000000088f00000|100%| O|  |TAMS 0x0000000088f00000, 0x0000000088e00000| Untracked 
|  75|0x0000000088f00000, 0x0000000089000000, 0x0000000089000000|100%| O|  |TAMS 0x0000000089000000, 0x0000000088f00000| Untracked 
|  76|0x0000000089000000, 0x0000000089100000, 0x0000000089100000|100%| O|  |TAMS 0x0000000089100000, 0x0000000089000000| Untracked 
|  77|0x0000000089100000, 0x0000000089200000, 0x0000000089200000|100%| O|  |TAMS 0x0000000089200000, 0x0000000089100000| Untracked 
|  78|0x0000000089200000, 0x0000000089300000, 0x0000000089300000|100%| O|  |TAMS 0x0000000089200000, 0x0000000089200000| Untracked 
|  79|0x0000000089300000, 0x0000000089400000, 0x0000000089400000|100%| O|  |TAMS 0x0000000089300000, 0x0000000089300000| Untracked 
|  80|0x0000000089400000, 0x0000000089500000, 0x0000000089500000|100%| O|  |TAMS 0x0000000089500000, 0x0000000089400000| Untracked 
|  81|0x0000000089500000, 0x0000000089600000, 0x0000000089600000|100%| O|  |TAMS 0x0000000089600000, 0x0000000089500000| Untracked 
|  82|0x0000000089600000, 0x0000000089700000, 0x0000000089700000|100%| O|  |TAMS 0x0000000089600000, 0x0000000089600000| Untracked 
|  83|0x0000000089700000, 0x0000000089800000, 0x0000000089800000|100%| O|  |TAMS 0x0000000089800000, 0x0000000089700000| Untracked 
|  84|0x0000000089800000, 0x0000000089900000, 0x0000000089900000|100%| O|  |TAMS 0x0000000089900000, 0x0000000089800000| Untracked 
|  85|0x0000000089900000, 0x0000000089a00000, 0x0000000089a00000|100%| O|  |TAMS 0x0000000089a00000, 0x0000000089900000| Untracked 
|  86|0x0000000089a00000, 0x0000000089b00000, 0x0000000089b00000|100%| O|  |TAMS 0x0000000089b00000, 0x0000000089a00000| Untracked 
|  87|0x0000000089b00000, 0x0000000089c00000, 0x0000000089c00000|100%| O|  |TAMS 0x0000000089c00000, 0x0000000089b00000| Untracked 
|  88|0x0000000089c00000, 0x0000000089d00000, 0x0000000089d00000|100%| O|  |TAMS 0x0000000089c00000, 0x0000000089c00000| Untracked 
|  89|0x0000000089d00000, 0x0000000089e00000, 0x0000000089e00000|100%| O|  |TAMS 0x0000000089e00000, 0x0000000089d00000| Untracked 
|  90|0x0000000089e00000, 0x0000000089f00000, 0x0000000089f00000|100%| O|  |TAMS 0x0000000089f00000, 0x0000000089e00000| Untracked 
|  91|0x0000000089f00000, 0x000000008a000000, 0x000000008a000000|100%| O|  |TAMS 0x000000008a000000, 0x0000000089f00000| Untracked 
|  92|0x000000008a000000, 0x000000008a100000, 0x000000008a100000|100%| O|  |TAMS 0x000000008a000000, 0x000000008a000000| Untracked 
|  93|0x000000008a100000, 0x000000008a200000, 0x000000008a200000|100%| O|  |TAMS 0x000000008a200000, 0x000000008a100000| Untracked 
|  94|0x000000008a200000, 0x000000008a300000, 0x000000008a300000|100%| O|  |TAMS 0x000000008a300000, 0x000000008a200000| Untracked 
|  95|0x000000008a300000, 0x000000008a400000, 0x000000008a400000|100%| O|  |TAMS 0x000000008a400000, 0x000000008a300000| Untracked 
|  96|0x000000008a400000, 0x000000008a500000, 0x000000008a500000|100%| O|  |TAMS 0x000000008a500000, 0x000000008a400000| Untracked 
|  97|0x000000008a500000, 0x000000008a600000, 0x000000008a600000|100%| O|  |TAMS 0x000000008a600000, 0x000000008a500000| Untracked 
|  98|0x000000008a600000, 0x000000008a700000, 0x000000008a700000|100%| O|  |TAMS 0x000000008a700000, 0x000000008a600000| Untracked 
|  99|0x000000008a700000, 0x000000008a800000, 0x000000008a800000|100%| O|  |TAMS 0x000000008a800000, 0x000000008a700000| Untracked 
| 100|0x000000008a800000, 0x000000008a900000, 0x000000008a900000|100%| O|  |TAMS 0x000000008a900000, 0x000000008a800000| Untracked 
| 101|0x000000008a900000, 0x000000008aa00000, 0x000000008aa00000|100%| O|  |TAMS 0x000000008aa00000, 0x000000008a900000| Untracked 
| 102|0x000000008aa00000, 0x000000008ab00000, 0x000000008ab00000|100%| O|  |TAMS 0x000000008ab00000, 0x000000008aa00000| Untracked 
| 103|0x000000008ab00000, 0x000000008ac00000, 0x000000008ac00000|100%| O|  |TAMS 0x000000008ac00000, 0x000000008ab00000| Untracked 
| 104|0x000000008ac00000, 0x000000008ad00000, 0x000000008ad00000|100%| O|  |TAMS 0x000000008ad00000, 0x000000008ac00000| Untracked 
| 105|0x000000008ad00000, 0x000000008ae00000, 0x000000008ae00000|100%| O|  |TAMS 0x000000008ae00000, 0x000000008ad00000| Untracked 
| 106|0x000000008ae00000, 0x000000008af00000, 0x000000008af00000|100%| O|  |TAMS 0x000000008af00000, 0x000000008ae00000| Untracked 
| 107|0x000000008af00000, 0x000000008b000000, 0x000000008b000000|100%| O|  |TAMS 0x000000008b000000, 0x000000008af00000| Untracked 
| 108|0x000000008b000000, 0x000000008b100000, 0x000000008b100000|100%| O|  |TAMS 0x000000008b100000, 0x000000008b000000| Untracked 
| 109|0x000000008b100000, 0x000000008b200000, 0x000000008b200000|100%| O|  |TAMS 0x000000008b200000, 0x000000008b100000| Untracked 
| 110|0x000000008b200000, 0x000000008b300000, 0x000000008b300000|100%| O|  |TAMS 0x000000008b300000, 0x000000008b200000| Untracked 
| 111|0x000000008b300000, 0x000000008b400000, 0x000000008b400000|100%| O|  |TAMS 0x000000008b35aa00, 0x000000008b300000| Untracked 
| 112|0x000000008b400000, 0x000000008b500000, 0x000000008b500000|100%| O|  |TAMS 0x000000008b400000, 0x000000008b400000| Untracked 
| 113|0x000000008b500000, 0x000000008b600000, 0x000000008b600000|100%| O|  |TAMS 0x000000008b500000, 0x000000008b500000| Untracked 
| 114|0x000000008b600000, 0x000000008b700000, 0x000000008b700000|100%| O|  |TAMS 0x000000008b600000, 0x000000008b600000| Untracked 
| 115|0x000000008b700000, 0x000000008b800000, 0x000000008b800000|100%| O|  |TAMS 0x000000008b700000, 0x000000008b700000| Untracked 
| 116|0x000000008b800000, 0x000000008b900000, 0x000000008b900000|100%| O|  |TAMS 0x000000008b800000, 0x000000008b800000| Untracked 
| 117|0x000000008b900000, 0x000000008ba00000, 0x000000008ba00000|100%| O|  |TAMS 0x000000008b900000, 0x000000008b900000| Untracked 
| 118|0x000000008ba00000, 0x000000008bb00000, 0x000000008bb00000|100%| O|  |TAMS 0x000000008ba00000, 0x000000008ba00000| Untracked 
| 119|0x000000008bb00000, 0x000000008bb76200, 0x000000008bc00000| 46%| O|  |TAMS 0x000000008bb00000, 0x000000008bb00000| Untracked 
| 120|0x000000008bc00000, 0x000000008bc00000, 0x000000008bd00000|  0%| F|  |TAMS 0x000000008bc00000, 0x000000008bc00000| Untracked 
| 121|0x000000008bd00000, 0x000000008bd00000, 0x000000008be00000|  0%| F|  |TAMS 0x000000008bd00000, 0x000000008bd00000| Untracked 
| 122|0x000000008be00000, 0x000000008be00000, 0x000000008bf00000|  0%| F|  |TAMS 0x000000008be00000, 0x000000008be00000| Untracked 
| 123|0x000000008bf00000, 0x000000008bf00000, 0x000000008c000000|  0%| F|  |TAMS 0x000000008bf00000, 0x000000008bf00000| Untracked 
| 124|0x000000008c000000, 0x000000008c000000, 0x000000008c100000|  0%| F|  |TAMS 0x000000008c000000, 0x000000008c000000| Untracked 
| 125|0x000000008c100000, 0x000000008c100000, 0x000000008c200000|  0%| F|  |TAMS 0x000000008c100000, 0x000000008c100000| Untracked 
| 126|0x000000008c200000, 0x000000008c200000, 0x000000008c300000|  0%| F|  |TAMS 0x000000008c200000, 0x000000008c200000| Untracked 
| 127|0x000000008c300000, 0x000000008c300000, 0x000000008c400000|  0%| F|  |TAMS 0x000000008c300000, 0x000000008c300000| Untracked 
| 128|0x000000008c400000, 0x000000008c400000, 0x000000008c500000|  0%| F|  |TAMS 0x000000008c400000, 0x000000008c400000| Untracked 
| 129|0x000000008c500000, 0x000000008c500000, 0x000000008c600000|  0%| F|  |TAMS 0x000000008c500000, 0x000000008c500000| Untracked 
| 130|0x000000008c600000, 0x000000008c600000, 0x000000008c700000|  0%| F|  |TAMS 0x000000008c600000, 0x000000008c600000| Untracked 
| 131|0x000000008c700000, 0x000000008c700000, 0x000000008c800000|  0%| F|  |TAMS 0x000000008c700000, 0x000000008c700000| Untracked 
| 132|0x000000008c800000, 0x000000008c800000, 0x000000008c900000|  0%| F|  |TAMS 0x000000008c800000, 0x000000008c800000| Untracked 
| 133|0x000000008c900000, 0x000000008c900000, 0x000000008ca00000|  0%| F|  |TAMS 0x000000008c900000, 0x000000008c900000| Untracked 
| 134|0x000000008ca00000, 0x000000008ca00000, 0x000000008cb00000|  0%| F|  |TAMS 0x000000008ca00000, 0x000000008ca00000| Untracked 
| 135|0x000000008cb00000, 0x000000008cb00000, 0x000000008cc00000|  0%| F|  |TAMS 0x000000008cb00000, 0x000000008cb00000| Untracked 
| 136|0x000000008cc00000, 0x000000008cc00000, 0x000000008cd00000|  0%| F|  |TAMS 0x000000008cc00000, 0x000000008cc00000| Untracked 
| 137|0x000000008cd00000, 0x000000008cd00000, 0x000000008ce00000|  0%| F|  |TAMS 0x000000008cd00000, 0x000000008cd00000| Untracked 
| 138|0x000000008ce00000, 0x000000008ce00000, 0x000000008cf00000|  0%| F|  |TAMS 0x000000008ce00000, 0x000000008ce00000| Untracked 
| 139|0x000000008cf00000, 0x000000008cf00000, 0x000000008d000000|  0%| F|  |TAMS 0x000000008cf00000, 0x000000008cf00000| Untracked 
| 140|0x000000008d000000, 0x000000008d000000, 0x000000008d100000|  0%| F|  |TAMS 0x000000008d000000, 0x000000008d000000| Untracked 
| 141|0x000000008d100000, 0x000000008d100000, 0x000000008d200000|  0%| F|  |TAMS 0x000000008d100000, 0x000000008d100000| Untracked 
| 142|0x000000008d200000, 0x000000008d200000, 0x000000008d300000|  0%| F|  |TAMS 0x000000008d200000, 0x000000008d200000| Untracked 
| 143|0x000000008d300000, 0x000000008d300000, 0x000000008d400000|  0%| F|  |TAMS 0x000000008d300000, 0x000000008d300000| Untracked 
| 144|0x000000008d400000, 0x000000008d400000, 0x000000008d500000|  0%| F|  |TAMS 0x000000008d400000, 0x000000008d400000| Untracked 
| 145|0x000000008d500000, 0x000000008d500000, 0x000000008d600000|  0%| F|  |TAMS 0x000000008d500000, 0x000000008d500000| Untracked 
| 146|0x000000008d600000, 0x000000008d600000, 0x000000008d700000|  0%| F|  |TAMS 0x000000008d600000, 0x000000008d600000| Untracked 
| 147|0x000000008d700000, 0x000000008d700000, 0x000000008d800000|  0%| F|  |TAMS 0x000000008d700000, 0x000000008d700000| Untracked 
| 148|0x000000008d800000, 0x000000008d800000, 0x000000008d900000|  0%| F|  |TAMS 0x000000008d800000, 0x000000008d800000| Untracked 
| 149|0x000000008d900000, 0x000000008d900000, 0x000000008da00000|  0%| F|  |TAMS 0x000000008d900000, 0x000000008d900000| Untracked 
| 150|0x000000008da00000, 0x000000008da00000, 0x000000008db00000|  0%| F|  |TAMS 0x000000008da00000, 0x000000008da00000| Untracked 
| 151|0x000000008db00000, 0x000000008db00000, 0x000000008dc00000|  0%| F|  |TAMS 0x000000008db00000, 0x000000008db00000| Untracked 
| 152|0x000000008dc00000, 0x000000008dc00000, 0x000000008dd00000|  0%| F|  |TAMS 0x000000008dc00000, 0x000000008dc00000| Untracked 
| 153|0x000000008dd00000, 0x000000008dd00000, 0x000000008de00000|  0%| F|  |TAMS 0x000000008dd00000, 0x000000008dd00000| Untracked 
| 154|0x000000008de00000, 0x000000008de00000, 0x000000008df00000|  0%| F|  |TAMS 0x000000008de00000, 0x000000008de00000| Untracked 
| 155|0x000000008df00000, 0x000000008df32ee8, 0x000000008e000000| 19%| S|CS|TAMS 0x000000008df00000, 0x000000008df00000| Complete 
| 156|0x000000008e000000, 0x000000008e100000, 0x000000008e100000|100%| S|CS|TAMS 0x000000008e000000, 0x000000008e000000| Complete 
| 157|0x000000008e100000, 0x000000008e200000, 0x000000008e200000|100%| S|CS|TAMS 0x000000008e100000, 0x000000008e100000| Complete 
| 158|0x000000008e200000, 0x000000008e300000, 0x000000008e300000|100%| S|CS|TAMS 0x000000008e200000, 0x000000008e200000| Complete 
| 159|0x000000008e300000, 0x000000008e400000, 0x000000008e400000|100%| S|CS|TAMS 0x000000008e300000, 0x000000008e300000| Complete 
| 160|0x000000008e400000, 0x000000008e500000, 0x000000008e500000|100%| S|CS|TAMS 0x000000008e400000, 0x000000008e400000| Complete 
| 161|0x000000008e500000, 0x000000008e500000, 0x000000008e600000|  0%| F|  |TAMS 0x000000008e500000, 0x000000008e500000| Untracked 
| 162|0x000000008e600000, 0x000000008e600000, 0x000000008e700000|  0%| F|  |TAMS 0x000000008e600000, 0x000000008e600000| Untracked 
| 163|0x000000008e700000, 0x000000008e700000, 0x000000008e800000|  0%| F|  |TAMS 0x000000008e700000, 0x000000008e700000| Untracked 
| 164|0x000000008e800000, 0x000000008e800000, 0x000000008e900000|  0%| F|  |TAMS 0x000000008e800000, 0x000000008e800000| Untracked 
| 165|0x000000008e900000, 0x000000008ea00000, 0x000000008ea00000|100%| S|CS|TAMS 0x000000008e900000, 0x000000008e900000| Complete 
| 166|0x000000008ea00000, 0x000000008eb00000, 0x000000008eb00000|100%| S|CS|TAMS 0x000000008ea00000, 0x000000008ea00000| Complete 
| 167|0x000000008eb00000, 0x000000008eb00000, 0x000000008ec00000|  0%| F|  |TAMS 0x000000008eb00000, 0x000000008eb00000| Untracked 
| 168|0x000000008ec00000, 0x000000008ec00000, 0x000000008ed00000|  0%| F|  |TAMS 0x000000008ec00000, 0x000000008ec00000| Untracked 
| 169|0x000000008ed00000, 0x000000008ed00000, 0x000000008ee00000|  0%| F|  |TAMS 0x000000008ed00000, 0x000000008ed00000| Untracked 
| 170|0x000000008ee00000, 0x000000008ee00000, 0x000000008ef00000|  0%| F|  |TAMS 0x000000008ee00000, 0x000000008ee00000| Untracked 
| 171|0x000000008ef00000, 0x000000008ef00000, 0x000000008f000000|  0%| F|  |TAMS 0x000000008ef00000, 0x000000008ef00000| Untracked 
| 172|0x000000008f000000, 0x000000008f000000, 0x000000008f100000|  0%| F|  |TAMS 0x000000008f000000, 0x000000008f000000| Untracked 
| 173|0x000000008f100000, 0x000000008f100000, 0x000000008f200000|  0%| F|  |TAMS 0x000000008f100000, 0x000000008f100000| Untracked 
| 174|0x000000008f200000, 0x000000008f200000, 0x000000008f300000|  0%| F|  |TAMS 0x000000008f200000, 0x000000008f200000| Untracked 
| 175|0x000000008f300000, 0x000000008f300000, 0x000000008f400000|  0%| F|  |TAMS 0x000000008f300000, 0x000000008f300000| Untracked 
| 176|0x000000008f400000, 0x000000008f400000, 0x000000008f500000|  0%| F|  |TAMS 0x000000008f400000, 0x000000008f400000| Untracked 
| 177|0x000000008f500000, 0x000000008f500000, 0x000000008f600000|  0%| F|  |TAMS 0x000000008f500000, 0x000000008f500000| Untracked 
| 178|0x000000008f600000, 0x000000008f600000, 0x000000008f700000|  0%| F|  |TAMS 0x000000008f600000, 0x000000008f600000| Untracked 
| 179|0x000000008f700000, 0x000000008f700000, 0x000000008f800000|  0%| F|  |TAMS 0x000000008f700000, 0x000000008f700000| Untracked 
| 180|0x000000008f800000, 0x000000008f800000, 0x000000008f900000|  0%| F|  |TAMS 0x000000008f800000, 0x000000008f800000| Untracked 
| 181|0x000000008f900000, 0x000000008f900000, 0x000000008fa00000|  0%| F|  |TAMS 0x000000008f900000, 0x000000008f900000| Untracked 
| 182|0x000000008fa00000, 0x000000008fa00000, 0x000000008fb00000|  0%| F|  |TAMS 0x000000008fa00000, 0x000000008fa00000| Untracked 
| 183|0x000000008fb00000, 0x000000008fb00000, 0x000000008fc00000|  0%| F|  |TAMS 0x000000008fb00000, 0x000000008fb00000| Untracked 
| 184|0x000000008fc00000, 0x000000008fd00000, 0x000000008fd00000|100%| E|  |TAMS 0x000000008fc00000, 0x000000008fc00000| Complete 
| 185|0x000000008fd00000, 0x000000008fe00000, 0x000000008fe00000|100%| E|CS|TAMS 0x000000008fd00000, 0x000000008fd00000| Complete 
| 186|0x000000008fe00000, 0x000000008ff00000, 0x000000008ff00000|100%| E|CS|TAMS 0x000000008fe00000, 0x000000008fe00000| Complete 
| 187|0x000000008ff00000, 0x0000000090000000, 0x0000000090000000|100%| E|CS|TAMS 0x000000008ff00000, 0x000000008ff00000| Complete 
| 188|0x0000000090000000, 0x0000000090100000, 0x0000000090100000|100%| E|CS|TAMS 0x0000000090000000, 0x0000000090000000| Complete 
| 189|0x0000000090100000, 0x0000000090200000, 0x0000000090200000|100%| E|CS|TAMS 0x0000000090100000, 0x0000000090100000| Complete 
| 190|0x0000000090200000, 0x0000000090300000, 0x0000000090300000|100%| E|CS|TAMS 0x0000000090200000, 0x0000000090200000| Complete 
| 191|0x0000000090300000, 0x0000000090400000, 0x0000000090400000|100%| E|CS|TAMS 0x0000000090300000, 0x0000000090300000| Complete 
| 192|0x0000000090400000, 0x0000000090500000, 0x0000000090500000|100%| E|CS|TAMS 0x0000000090400000, 0x0000000090400000| Complete 
| 193|0x0000000090500000, 0x0000000090600000, 0x0000000090600000|100%| E|CS|TAMS 0x0000000090500000, 0x0000000090500000| Complete 
| 194|0x0000000090600000, 0x0000000090700000, 0x0000000090700000|100%| E|CS|TAMS 0x0000000090600000, 0x0000000090600000| Complete 
| 195|0x0000000090700000, 0x0000000090800000, 0x0000000090800000|100%| E|CS|TAMS 0x0000000090700000, 0x0000000090700000| Complete 
| 196|0x0000000090800000, 0x0000000090900000, 0x0000000090900000|100%| E|CS|TAMS 0x0000000090800000, 0x0000000090800000| Complete 
| 197|0x0000000090900000, 0x0000000090a00000, 0x0000000090a00000|100%| E|CS|TAMS 0x0000000090900000, 0x0000000090900000| Complete 
| 198|0x0000000090a00000, 0x0000000090b00000, 0x0000000090b00000|100%| E|CS|TAMS 0x0000000090a00000, 0x0000000090a00000| Complete 
| 199|0x0000000090b00000, 0x0000000090c00000, 0x0000000090c00000|100%| E|CS|TAMS 0x0000000090b00000, 0x0000000090b00000| Complete 
| 200|0x0000000090c00000, 0x0000000090d00000, 0x0000000090d00000|100%| E|CS|TAMS 0x0000000090c00000, 0x0000000090c00000| Complete 
| 201|0x0000000090d00000, 0x0000000090e00000, 0x0000000090e00000|100%| E|CS|TAMS 0x0000000090d00000, 0x0000000090d00000| Complete 
| 202|0x0000000090e00000, 0x0000000090f00000, 0x0000000090f00000|100%| E|CS|TAMS 0x0000000090e00000, 0x0000000090e00000| Complete 
| 203|0x0000000090f00000, 0x0000000091000000, 0x0000000091000000|100%| E|CS|TAMS 0x0000000090f00000, 0x0000000090f00000| Complete 
| 204|0x0000000091000000, 0x0000000091100000, 0x0000000091100000|100%| E|CS|TAMS 0x0000000091000000, 0x0000000091000000| Complete 
| 205|0x0000000091100000, 0x0000000091200000, 0x0000000091200000|100%| E|CS|TAMS 0x0000000091100000, 0x0000000091100000| Complete 
| 206|0x0000000091200000, 0x0000000091300000, 0x0000000091300000|100%| E|CS|TAMS 0x0000000091200000, 0x0000000091200000| Complete 
| 207|0x0000000091300000, 0x0000000091400000, 0x0000000091400000|100%| E|CS|TAMS 0x0000000091300000, 0x0000000091300000| Complete 
| 208|0x0000000091400000, 0x0000000091500000, 0x0000000091500000|100%| E|CS|TAMS 0x0000000091400000, 0x0000000091400000| Complete 
| 209|0x0000000091500000, 0x0000000091600000, 0x0000000091600000|100%| E|CS|TAMS 0x0000000091500000, 0x0000000091500000| Complete 
| 210|0x0000000091600000, 0x0000000091700000, 0x0000000091700000|100%| E|CS|TAMS 0x0000000091600000, 0x0000000091600000| Complete 
| 211|0x0000000091700000, 0x0000000091800000, 0x0000000091800000|100%| E|CS|TAMS 0x0000000091700000, 0x0000000091700000| Complete 
| 212|0x0000000091800000, 0x0000000091900000, 0x0000000091900000|100%| E|CS|TAMS 0x0000000091800000, 0x0000000091800000| Complete 
| 213|0x0000000091900000, 0x0000000091a00000, 0x0000000091a00000|100%| E|CS|TAMS 0x0000000091900000, 0x0000000091900000| Complete 
| 214|0x0000000091a00000, 0x0000000091b00000, 0x0000000091b00000|100%| E|CS|TAMS 0x0000000091a00000, 0x0000000091a00000| Complete 
| 215|0x0000000091b00000, 0x0000000091c00000, 0x0000000091c00000|100%| E|CS|TAMS 0x0000000091b00000, 0x0000000091b00000| Complete 
| 216|0x0000000091c00000, 0x0000000091d00000, 0x0000000091d00000|100%| E|CS|TAMS 0x0000000091c00000, 0x0000000091c00000| Complete 
| 217|0x0000000091d00000, 0x0000000091e00000, 0x0000000091e00000|100%| E|CS|TAMS 0x0000000091d00000, 0x0000000091d00000| Complete 
| 218|0x0000000091e00000, 0x0000000091f00000, 0x0000000091f00000|100%| E|CS|TAMS 0x0000000091e00000, 0x0000000091e00000| Complete 
| 219|0x0000000091f00000, 0x0000000092000000, 0x0000000092000000|100%| E|CS|TAMS 0x0000000091f00000, 0x0000000091f00000| Complete 
| 220|0x0000000092000000, 0x0000000092100000, 0x0000000092100000|100%| E|CS|TAMS 0x0000000092000000, 0x0000000092000000| Complete 
| 221|0x0000000092100000, 0x0000000092200000, 0x0000000092200000|100%| E|CS|TAMS 0x0000000092100000, 0x0000000092100000| Complete 
| 222|0x0000000092200000, 0x0000000092300000, 0x0000000092300000|100%| E|CS|TAMS 0x0000000092200000, 0x0000000092200000| Complete 
| 223|0x0000000092300000, 0x0000000092400000, 0x0000000092400000|100%| E|CS|TAMS 0x0000000092300000, 0x0000000092300000| Complete 
| 224|0x0000000092400000, 0x0000000092500000, 0x0000000092500000|100%| E|CS|TAMS 0x0000000092400000, 0x0000000092400000| Complete 
| 225|0x0000000092500000, 0x0000000092600000, 0x0000000092600000|100%| E|CS|TAMS 0x0000000092500000, 0x0000000092500000| Complete 
| 226|0x0000000092600000, 0x0000000092700000, 0x0000000092700000|100%| E|CS|TAMS 0x0000000092600000, 0x0000000092600000| Complete 
| 227|0x0000000092700000, 0x0000000092800000, 0x0000000092800000|100%| E|CS|TAMS 0x0000000092700000, 0x0000000092700000| Complete 
| 228|0x0000000092800000, 0x0000000092900000, 0x0000000092900000|100%| E|CS|TAMS 0x0000000092800000, 0x0000000092800000| Complete 
| 229|0x0000000092900000, 0x0000000092a00000, 0x0000000092a00000|100%| E|CS|TAMS 0x0000000092900000, 0x0000000092900000| Complete 
| 230|0x0000000092a00000, 0x0000000092b00000, 0x0000000092b00000|100%| E|CS|TAMS 0x0000000092a00000, 0x0000000092a00000| Complete 
| 231|0x0000000092b00000, 0x0000000092c00000, 0x0000000092c00000|100%| E|CS|TAMS 0x0000000092b00000, 0x0000000092b00000| Complete 
| 232|0x0000000092c00000, 0x0000000092d00000, 0x0000000092d00000|100%| E|CS|TAMS 0x0000000092c00000, 0x0000000092c00000| Complete 
|1979|0x00000000fff00000, 0x0000000100000000, 0x0000000100000000|100%| O|  |TAMS 0x0000000100000000, 0x00000000fff00000| Untracked 

Card table byte_map: [0x0000021e72170000,0x0000021e72550000] _byte_map_base: 0x0000021e71d4e000

Marking Bits (Prev, Next): (CMBitMap*) 0x0000021e5b2107b0, (CMBitMap*) 0x0000021e5b2107f0
 Prev Bits: [0x0000021e72930000, 0x0000021e74820000)
 Next Bits: [0x0000021e74820000, 0x0000021e76710000)

Polling page: 0x0000021e59100000

Metaspace:

Usage:
  Non-class:     73.74 MB used.
      Class:      8.74 MB used.
       Both:     82.47 MB used.

Virtual space:
  Non-class space:      128.00 MB reserved,      73.94 MB ( 58%) committed,  2 nodes.
      Class space:        1.00 GB reserved,       8.94 MB ( <1%) committed,  1 nodes.
             Both:        1.12 GB reserved,      82.88 MB (  7%) committed. 

Chunk freelists:
   Non-Class:  6.11 MB
       Class:  7.05 MB
        Both:  13.16 MB

MaxMetaspaceSize: unlimited
CompressedClassSpaceSize: 1.00 GB
Initial GC threshold: 21.00 MB
Current GC threshold: 115.31 MB
CDS: on
MetaspaceReclaimPolicy: balanced
 - commit_granule_bytes: 65536.
 - commit_granule_words: 8192.
 - virtual_space_node_default_size: 8388608.
 - enlarge_chunks_in_place: 1.
 - new_chunks_are_fully_committed: 0.
 - uncommit_free_chunks: 1.
 - use_allocation_guard: 0.
 - handle_deallocations: 1.


Internal statistics:

num_allocs_failed_limit: 6.
num_arena_births: 412.
num_arena_deaths: 0.
num_vsnodes_births: 3.
num_vsnodes_deaths: 0.
num_space_committed: 1324.
num_space_uncommitted: 0.
num_chunks_returned_to_freelist: 6.
num_chunks_taken_from_freelist: 3425.
num_chunk_merges: 6.
num_chunk_splits: 2779.
num_chunks_enlarged: 2452.
num_inconsistent_stats: 0.

CodeHeap 'non-profiled nmethods': size=120000Kb used=9736Kb max_used=9736Kb free=110263Kb
 bounds [0x0000021e6a530000, 0x0000021e6aec0000, 0x0000021e71a60000]
CodeHeap 'profiled nmethods': size=120000Kb used=48480Kb max_used=48480Kb free=71519Kb
 bounds [0x0000021e62a60000, 0x0000021e659c0000, 0x0000021e69f90000]
CodeHeap 'non-nmethods': size=5760Kb used=1432Kb max_used=1479Kb free=4327Kb
 bounds [0x0000021e69f90000, 0x0000021e6a200000, 0x0000021e6a530000]
 total_blobs=17895 nmethods=17144 adapters=658
 compilation: enabled
              stopped_count=0, restarted_count=0
 full_count=0

Compilation events (20 events):
Event: 72.447 Thread 0x0000021e79122f50 22103       2       org.jetbrains.kotlin.codegen.inline.ParametersBuilder::addParameter (46 bytes)
Event: 72.448 Thread 0x0000021e79122f50 nmethod 22103 0x0000021e651eaa90 code [0x0000021e651eac40, 0x0000021e651eae18]
Event: 72.448 Thread 0x0000021e79122f50 22104       2       org.jetbrains.kotlin.codegen.StackValue::put (37 bytes)
Event: 72.448 Thread 0x0000021e79122f50 nmethod 22104 0x0000021e651ea490 code [0x0000021e651ea660, 0x0000021e651ea838]
Event: 72.448 Thread 0x0000021e79122f50 22105       2       org.jetbrains.kotlin.codegen.StackValue::putReceiver (10 bytes)
Event: 72.448 Thread 0x0000021e79122f50 nmethod 22105 0x0000021e64f80a10 code [0x0000021e64f80ba0, 0x0000021e64f80cc8]
Event: 72.457 Thread 0x0000021e79122f50 22107       2       java.util.regex.Matcher::appendExpandedReplacement (510 bytes)
Event: 72.467 Thread 0x0000021e79122f50 nmethod 22107 0x0000021e6524c790 code [0x0000021e6524cc00, 0x0000021e6524e478]
Event: 72.467 Thread 0x0000021e79122f50 22109       2       org.jetbrains.kotlin.codegen.inline.FunctionalArgumentInterpreter::newOperation (9 bytes)
Event: 72.467 Thread 0x0000021e79122f50 nmethod 22109 0x0000021e6524bf90 code [0x0000021e6524c180, 0x0000021e6524c478]
Event: 72.467 Thread 0x0000021e79122f50 22112       2       org.jetbrains.org.objectweb.asm.commons.Remapper::mapMethodDesc (111 bytes)
Event: 72.468 Thread 0x0000021e79122f50 nmethod 22112 0x0000021e64d3b710 code [0x0000021e64d3b980, 0x0000021e64d3be88]
Event: 72.468 Thread 0x0000021e79122f50 22110       2       org.jetbrains.kotlin.codegen.inline.FunctionalArgumentInterpreter::newOperation (17 bytes)
Event: 72.469 Thread 0x0000021e79122f50 nmethod 22110 0x0000021e64d3b010 code [0x0000021e64d3b200, 0x0000021e64d3b4f8]
Event: 72.469 Thread 0x0000021e79122f50 22111       2       org.jetbrains.org.objectweb.asm.tree.analysis.BasicInterpreter::newOperation (471 bytes)
Event: 72.471 Thread 0x0000021e79122f50 nmethod 22111 0x0000021e649bc410 code [0x0000021e649bc820, 0x0000021e649bd928]
Event: 72.471 Thread 0x0000021e79122f50 22108       2       org.jetbrains.kotlin.backend.jvm.ir.JvmIrUtilsKt::suspendFunctionOriginal (69 bytes)
Event: 72.472 Thread 0x0000021e79122f50 nmethod 22108 0x0000021e649bb410 code [0x0000021e649bb6e0, 0x0000021e649bbf48]
Event: 72.472 Thread 0x0000021e79122f50 22106       2       java.util.regex.Matcher::appendReplacement (75 bytes)
Event: 72.473 Thread 0x0000021e79122f50 nmethod 22106 0x0000021e649bad10 code [0x0000021e649baee0, 0x0000021e649bb1e8]

GC Heap History (20 events):
Event: 56.303 GC heap before
{Heap before GC invocations=32 (full 0):
 garbage-first heap   total 153600K, used 128374K [0x0000000084400000, 0x0000000100000000)
  region size 1024K, 26 young (26624K), 5 survivors (5120K)
 Metaspace       used 68343K, committed 68736K, reserved 1114112K
  class space    used 7549K, committed 7744K, reserved 1048576K
}
Event: 56.325 GC heap after
{Heap after GC invocations=33 (full 0):
 garbage-first heap   total 153600K, used 112192K [0x0000000084400000, 0x0000000100000000)
  region size 1024K, 4 young (4096K), 4 survivors (4096K)
 Metaspace       used 68343K, committed 68736K, reserved 1114112K
  class space    used 7549K, committed 7744K, reserved 1048576K
}
Event: 57.076 GC heap before
{Heap before GC invocations=33 (full 0):
 garbage-first heap   total 153600K, used 128576K [0x0000000084400000, 0x0000000100000000)
  region size 1024K, 20 young (20480K), 4 survivors (4096K)
 Metaspace       used 68703K, committed 69056K, reserved 1114112K
  class space    used 7587K, committed 7744K, reserved 1048576K
}
Event: 57.106 GC heap after
{Heap after GC invocations=34 (full 0):
 garbage-first heap   total 153600K, used 118122K [0x0000000084400000, 0x0000000100000000)
  region size 1024K, 3 young (3072K), 3 survivors (3072K)
 Metaspace       used 68703K, committed 69056K, reserved 1114112K
  class space    used 7587K, committed 7744K, reserved 1048576K
}
Event: 57.933 GC heap before
{Heap before GC invocations=34 (full 0):
 garbage-first heap   total 153600K, used 128362K [0x0000000084400000, 0x0000000100000000)
  region size 1024K, 14 young (14336K), 3 survivors (3072K)
 Metaspace       used 70420K, committed 70848K, reserved 1114112K
  class space    used 7803K, committed 8000K, reserved 1048576K
}
Event: 57.951 GC heap after
{Heap after GC invocations=35 (full 0):
 garbage-first heap   total 153600K, used 120832K [0x0000000084400000, 0x0000000100000000)
  region size 1024K, 2 young (2048K), 2 survivors (2048K)
 Metaspace       used 70420K, committed 70848K, reserved 1114112K
  class space    used 7803K, committed 8000K, reserved 1048576K
}
Event: 58.700 GC heap before
{Heap before GC invocations=36 (full 0):
 garbage-first heap   total 199680K, used 124928K [0x0000000084400000, 0x0000000100000000)
  region size 1024K, 9 young (9216K), 2 survivors (2048K)
 Metaspace       used 71390K, committed 71808K, reserved 1114112K
  class space    used 7867K, committed 8064K, reserved 1048576K
}
Event: 58.708 GC heap after
{Heap after GC invocations=37 (full 0):
 garbage-first heap   total 199680K, used 119638K [0x0000000084400000, 0x0000000100000000)
  region size 1024K, 1 young (1024K), 1 survivors (1024K)
 Metaspace       used 71390K, committed 71808K, reserved 1114112K
  class space    used 7867K, committed 8064K, reserved 1048576K
}
Event: 59.175 GC heap before
{Heap before GC invocations=37 (full 0):
 garbage-first heap   total 199680K, used 127830K [0x0000000084400000, 0x0000000100000000)
  region size 1024K, 9 young (9216K), 1 survivors (1024K)
 Metaspace       used 71706K, committed 72128K, reserved 1114112K
  class space    used 7892K, committed 8064K, reserved 1048576K
}
Event: 59.185 GC heap after
{Heap after GC invocations=38 (full 0):
 garbage-first heap   total 239616K, used 117483K [0x0000000084400000, 0x0000000100000000)
  region size 1024K, 1 young (1024K), 1 survivors (1024K)
 Metaspace       used 71706K, committed 72128K, reserved 1114112K
  class space    used 7892K, committed 8064K, reserved 1048576K
}
Event: 61.507 GC heap before
{Heap before GC invocations=38 (full 0):
 garbage-first heap   total 239616K, used 169707K [0x0000000084400000, 0x0000000100000000)
  region size 1024K, 52 young (53248K), 1 survivors (1024K)
 Metaspace       used 76821K, committed 77248K, reserved 1179648K
  class space    used 8434K, committed 8640K, reserved 1048576K
}
Event: 61.520 GC heap after
{Heap after GC invocations=39 (full 0):
 garbage-first heap   total 239616K, used 121616K [0x0000000084400000, 0x0000000100000000)
  region size 1024K, 5 young (5120K), 5 survivors (5120K)
 Metaspace       used 76821K, committed 77248K, reserved 1179648K
  class space    used 8434K, committed 8640K, reserved 1048576K
}
Event: 63.111 GC heap before
{Heap before GC invocations=39 (full 0):
 garbage-first heap   total 239616K, used 175888K [0x0000000084400000, 0x0000000100000000)
  region size 1024K, 58 young (59392K), 5 survivors (5120K)
 Metaspace       used 78045K, committed 78464K, reserved 1179648K
  class space    used 8518K, committed 8704K, reserved 1048576K
}
Event: 63.129 GC heap after
{Heap after GC invocations=40 (full 0):
 garbage-first heap   total 239616K, used 124039K [0x0000000084400000, 0x0000000100000000)
  region size 1024K, 7 young (7168K), 7 survivors (7168K)
 Metaspace       used 78045K, committed 78464K, reserved 1179648K
  class space    used 8518K, committed 8704K, reserved 1048576K
}
Event: 64.214 GC heap before
{Heap before GC invocations=40 (full 0):
 garbage-first heap   total 239616K, used 181383K [0x0000000084400000, 0x0000000100000000)
  region size 1024K, 63 young (64512K), 7 survivors (7168K)
 Metaspace       used 78404K, committed 78784K, reserved 1179648K
  class space    used 8539K, committed 8704K, reserved 1048576K
}
Event: 64.232 GC heap after
{Heap after GC invocations=41 (full 0):
 garbage-first heap   total 239616K, used 125880K [0x0000000084400000, 0x0000000100000000)
  region size 1024K, 5 young (5120K), 5 survivors (5120K)
 Metaspace       used 78404K, committed 78784K, reserved 1179648K
  class space    used 8539K, committed 8704K, reserved 1048576K
}
Event: 66.031 GC heap before
{Heap before GC invocations=41 (full 0):
 garbage-first heap   total 239616K, used 188344K [0x0000000084400000, 0x0000000100000000)
  region size 1024K, 66 young (67584K), 5 survivors (5120K)
 Metaspace       used 78927K, committed 79296K, reserved 1179648K
  class space    used 8571K, committed 8768K, reserved 1048576K
}
Event: 66.045 GC heap after
{Heap after GC invocations=42 (full 0):
 garbage-first heap   total 239616K, used 127412K [0x0000000084400000, 0x0000000100000000)
  region size 1024K, 6 young (6144K), 6 survivors (6144K)
 Metaspace       used 78927K, committed 79296K, reserved 1179648K
  class space    used 8571K, committed 8768K, reserved 1048576K
}
Event: 68.973 GC heap before
{Heap before GC invocations=42 (full 0):
 garbage-first heap   total 239616K, used 192948K [0x0000000084400000, 0x0000000100000000)
  region size 1024K, 70 young (71680K), 6 survivors (6144K)
 Metaspace       used 83652K, committed 84032K, reserved 1179648K
  class space    used 8922K, committed 9088K, reserved 1048576K
}
Event: 69.006 GC heap after
{Heap after GC invocations=43 (full 0):
 garbage-first heap   total 239616K, used 130724K [0x0000000084400000, 0x0000000100000000)
  region size 1024K, 8 young (8192K), 8 survivors (8192K)
 Metaspace       used 83652K, committed 84032K, reserved 1179648K
  class space    used 8922K, committed 9088K, reserved 1048576K
}

Deoptimization events (20 events):
Event: 71.301 Thread 0x0000021e5b1b6f50 Uncommon trap: trap_request=0xffffff66 fr.pc=0x0000021e6ae8cdfc relative=0x0000000000003f1c
Event: 71.301 Thread 0x0000021e5b1b6f50 Uncommon trap: reason=speculate_class_check action=maybe_recompile pc=0x0000021e6ae8cdfc method=org.jetbrains.kotlin.ir.util.IrUtilsKt.isTopLevel(Lorg/jetbrains/kotlin/ir/declarations/IrDeclaration;)Z @ 8 c2
Event: 71.301 Thread 0x0000021e5b1b6f50 DEOPT PACKING pc=0x0000021e6ae8cdfc sp=0x000000c1ec4fdd00
Event: 71.301 Thread 0x0000021e5b1b6f50 DEOPT UNPACKING pc=0x0000021e69fe5ba3 sp=0x000000c1ec4fdbb0 mode 2
Event: 71.302 Thread 0x0000021e5b1b6f50 Uncommon trap: trap_request=0xffffff66 fr.pc=0x0000021e6ae8cdfc relative=0x0000000000003f1c
Event: 71.302 Thread 0x0000021e5b1b6f50 Uncommon trap: reason=speculate_class_check action=maybe_recompile pc=0x0000021e6ae8cdfc method=org.jetbrains.kotlin.ir.util.IrUtilsKt.isTopLevel(Lorg/jetbrains/kotlin/ir/declarations/IrDeclaration;)Z @ 8 c2
Event: 71.302 Thread 0x0000021e5b1b6f50 DEOPT PACKING pc=0x0000021e6ae8cdfc sp=0x000000c1ec4fdd00
Event: 71.302 Thread 0x0000021e5b1b6f50 DEOPT UNPACKING pc=0x0000021e69fe5ba3 sp=0x000000c1ec4fdbb0 mode 2
Event: 71.302 Thread 0x0000021e5b1b6f50 Uncommon trap: trap_request=0xffffff66 fr.pc=0x0000021e6ae8cdfc relative=0x0000000000003f1c
Event: 71.302 Thread 0x0000021e5b1b6f50 Uncommon trap: reason=speculate_class_check action=maybe_recompile pc=0x0000021e6ae8cdfc method=org.jetbrains.kotlin.ir.util.IrUtilsKt.isTopLevel(Lorg/jetbrains/kotlin/ir/declarations/IrDeclaration;)Z @ 8 c2
Event: 71.302 Thread 0x0000021e5b1b6f50 DEOPT PACKING pc=0x0000021e6ae8cdfc sp=0x000000c1ec4fdd00
Event: 71.302 Thread 0x0000021e5b1b6f50 DEOPT UNPACKING pc=0x0000021e69fe5ba3 sp=0x000000c1ec4fdbb0 mode 2
Event: 71.453 Thread 0x0000021e5b1b6f50 Uncommon trap: trap_request=0xffffffde fr.pc=0x0000021e6ae17aac relative=0x0000000000004d6c
Event: 71.453 Thread 0x0000021e5b1b6f50 Uncommon trap: reason=class_check action=maybe_recompile pc=0x0000021e6ae17aac method=org.jetbrains.kotlin.codegen.signature.JvmSignatureWriter.writeAsmType(Lorg/jetbrains/org/objectweb/asm/Type;)V @ 51 c2
Event: 71.453 Thread 0x0000021e5b1b6f50 DEOPT PACKING pc=0x0000021e6ae17aac sp=0x000000c1ec4fdb50
Event: 71.453 Thread 0x0000021e5b1b6f50 DEOPT UNPACKING pc=0x0000021e69fe5ba3 sp=0x000000c1ec4fdb60 mode 2
Event: 72.379 Thread 0x0000021e5b1b6f50 Uncommon trap: trap_request=0xffffff45 fr.pc=0x0000021e6ab37f68 relative=0x0000000000000a08
Event: 72.379 Thread 0x0000021e5b1b6f50 Uncommon trap: reason=unstable_if action=reinterpret pc=0x0000021e6ab37f68 method=org.jetbrains.kotlin.builtins.functions.FunctionClassKind$Companion.parseClassName(Ljava/lang/String;Lorg/jetbrains/kotlin/name/FqName;)Lorg/jetbrains/kotlin/builtins/functi
Event: 72.379 Thread 0x0000021e5b1b6f50 DEOPT PACKING pc=0x0000021e6ab37f68 sp=0x000000c1ec4fd600
Event: 72.379 Thread 0x0000021e5b1b6f50 DEOPT UNPACKING pc=0x0000021e69fe5ba3 sp=0x000000c1ec4fd5c8 mode 2

Classes unloaded (0 events):
No events

Classes redefined (0 events):
No events

Internal exceptions (20 events):
Event: 29.222 Thread 0x0000021e5b1b6f50 Implicit null exception at 0x0000021e6a6ec2d8 to 0x0000021e6a6ec36e
Event: 29.725 Thread 0x0000021e5b1b6f50 Exception <a 'java/lang/NoSuchMethodError'{0x000000008cbcac58}: 'java.lang.Object java.lang.invoke.DirectMethodHandle$Holder.newInvokeSpecial(java.lang.Object, int, java.lang.Object, java.lang.Object)'> (0x000000008cbcac58) 
thrown [s\open\src\hotspot\share\interpreter\linkResolver.cpp, line 759]
Event: 29.725 Thread 0x0000021e5b1b6f50 Exception <a 'java/lang/NoSuchMethodError'{0x000000008cbcfe48}: 'java.lang.Object java.lang.invoke.DirectMethodHandle$Holder.invokeSpecial(java.lang.Object, java.lang.Object, int, java.lang.Object, java.lang.Object)'> (0x000000008cbcfe48) 
thrown [s\open\src\hotspot\share\interpreter\linkResolver.cpp, line 759]
Event: 30.932 Thread 0x0000021e5b1b6f50 Exception <a 'java/lang/NoSuchMethodError'{0x000000008c05f2a8}: 'void java.lang.invoke.DirectMethodHandle$Holder.invokeStatic(java.lang.Object, java.lang.Object, java.lang.Object)'> (0x000000008c05f2a8) 
thrown [s\open\src\hotspot\share\interpreter\linkResolver.cpp, line 759]
Event: 34.531 Thread 0x0000021e5b1b6f50 Implicit null exception at 0x0000021e6a9e314e to 0x0000021e6a9e33ec
Event: 36.676 Thread 0x0000021e5b1b6f50 Implicit null exception at 0x0000021e6aad4aaf to 0x0000021e6aad5eb8
Event: 38.024 Thread 0x0000021e5b1b6f50 Implicit null exception at 0x0000021e6aa91e24 to 0x0000021e6aa93ee8
Event: 50.093 Thread 0x0000021e5b1b6f50 Implicit null exception at 0x0000021e6a5d016a to 0x0000021e6a5d032c
Event: 51.991 Thread 0x0000021e5b1b6f50 Implicit null exception at 0x0000021e6ac0c833 to 0x0000021e6ac0c9a4
Event: 52.089 Thread 0x0000021e5b1b6f50 Exception <a 'java/lang/NoSuchMethodError'{0x000000008d43dc10}: 'java.lang.Object java.lang.invoke.DirectMethodHandle$Holder.invokeStaticInit(java.lang.Object, java.lang.Object, java.lang.Object, java.lang.Object)'> (0x000000008d43dc10) 
thrown [s\open\src\hotspot\share\interpreter\linkResolver.cpp, line 759]
Event: 52.543 Thread 0x0000021e5b1b6f50 Implicit null exception at 0x0000021e6a54b413 to 0x0000021e6a54b56c
Event: 52.777 Thread 0x0000021e5b1b6f50 Exception <a 'java/lang/NoSuchMethodError'{0x000000008c73f908}: 'java.lang.Object java.lang.invoke.DirectMethodHandle$Holder.newInvokeSpecial(java.lang.Object, java.lang.Object, java.lang.Object, int, int)'> (0x000000008c73f908) 
thrown [s\open\src\hotspot\share\interpreter\linkResolver.cpp, line 759]
Event: 52.778 Thread 0x0000021e5b1b6f50 Exception <a 'java/lang/NoSuchMethodError'{0x000000008c743748}: 'java.lang.Object java.lang.invoke.DirectMethodHandle$Holder.invokeSpecial(java.lang.Object, java.lang.Object, java.lang.Object, java.lang.Object, int, int)'> (0x000000008c743748) 
thrown [s\open\src\hotspot\share\interpreter\linkResolver.cpp, line 759]
Event: 52.984 Thread 0x0000021e5b1b6f50 Exception <a 'java/lang/NoSuchMethodError'{0x000000008c40da68}: 'java.lang.Object java.lang.invoke.DirectMethodHandle$Holder.invokeSpecial(java.lang.Object, java.lang.Object, int, int, java.lang.Object, java.lang.Object, java.lang.Object, java.lang.Object, java.lang.Object)'> (0x000000008c40da68) 
thrown [s\open\src\hotspot\share\interpreter\linkResolver.cpp, line 759]
Event: 53.692 Thread 0x0000021e5b1b6f50 Implicit null exception at 0x0000021e6a597fed to 0x0000021e6a59821c
Event: 53.876 Thread 0x0000021e5b1b6f50 Exception <a 'java/lang/NoSuchMethodError'{0x000000008d6c4ff0}: 'java.lang.Object java.lang.invoke.DirectMethodHandle$Holder.invokeStatic(java.lang.Object, java.lang.Object, java.lang.Object, int, int, java.lang.Object, java.lang.Object, java.lang.Object, java.lang.Object)'> (0x000000008d6c4ff0) 
thrown [s\open\src\hotspot\share\interpreter\linkResolver.cpp, line 759]
Event: 53.879 Thread 0x0000021e5b1b6f50 Exception <a 'java/lang/NoSuchMethodError'{0x000000008d6cf2b8}: 'java.lang.Object java.lang.invoke.DirectMethodHandle$Holder.newInvokeSpecial(java.lang.Object, java.lang.Object, java.lang.Object, int, int, java.lang.Object)'> (0x000000008d6cf2b8) 
thrown [s\open\src\hotspot\share\interpreter\linkResolver.cpp, line 759]
Event: 53.880 Thread 0x0000021e5b1b6f50 Exception <a 'java/lang/NoSuchMethodError'{0x000000008d6d6c58}: 'java.lang.Object java.lang.invoke.Invokers$Holder.linkToTargetMethod(java.lang.Object, java.lang.Object, int, int, java.lang.Object, java.lang.Object)'> (0x000000008d6d6c58) 
thrown [s\open\src\hotspot\share\interpreter\linkResolver.cpp, line 759]
Event: 67.784 Thread 0x0000021e5b1b6f50 Implicit null exception at 0x0000021e6a6ebd91 to 0x0000021e6a6ebe80
Event: 68.558 Thread 0x0000021e5b1b6f50 Implicit null exception at 0x0000021e6ae2818a to 0x0000021e6ae2d35c

VM Operations (20 events):
Event: 67.690 Executing VM operation: HandshakeAllThreads
Event: 67.690 Executing VM operation: HandshakeAllThreads done
Event: 68.082 Executing VM operation: ICBufferFull
Event: 68.084 Executing VM operation: ICBufferFull done
Event: 68.704 Executing VM operation: ICBufferFull
Event: 68.705 Executing VM operation: ICBufferFull done
Event: 68.972 Executing VM operation: G1CollectForAllocation
Event: 69.010 Executing VM operation: G1CollectForAllocation done
Event: 69.455 Executing VM operation: ICBufferFull
Event: 69.457 Executing VM operation: ICBufferFull done
Event: 70.470 Executing VM operation: Cleanup
Event: 70.471 Executing VM operation: Cleanup done
Event: 71.302 Executing VM operation: HandshakeAllThreads
Event: 71.302 Executing VM operation: HandshakeAllThreads done
Event: 71.348 Executing VM operation: ICBufferFull
Event: 71.349 Executing VM operation: ICBufferFull done
Event: 71.553 Executing VM operation: ICBufferFull
Event: 71.553 Executing VM operation: ICBufferFull done
Event: 72.563 Executing VM operation: Cleanup
Event: 72.582 Executing VM operation: Cleanup done

Events (20 events):
Event: 71.366 Thread 0x0000021e7912a420 flushing nmethod 0x0000021e652bc890
Event: 71.366 Thread 0x0000021e7912a420 flushing nmethod 0x0000021e652cd390
Event: 71.366 Thread 0x0000021e7912a420 flushing nmethod 0x0000021e652d6a10
Event: 71.366 Thread 0x0000021e7912a420 flushing nmethod 0x0000021e652dc310
Event: 71.366 Thread 0x0000021e7912a420 flushing nmethod 0x0000021e652f2b10
Event: 71.366 Thread 0x0000021e7912a420 flushing nmethod 0x0000021e652f7d10
Event: 71.366 Thread 0x0000021e7912a420 flushing nmethod 0x0000021e652f9990
Event: 71.366 Thread 0x0000021e7912a420 flushing nmethod 0x0000021e652faa90
Event: 71.366 Thread 0x0000021e7912a420 flushing nmethod 0x0000021e65330410
Event: 71.366 Thread 0x0000021e7912a420 flushing nmethod 0x0000021e65330810
Event: 71.366 Thread 0x0000021e7912a420 flushing nmethod 0x0000021e65332610
Event: 71.366 Thread 0x0000021e7912a420 flushing nmethod 0x0000021e65336010
Event: 71.366 Thread 0x0000021e7912a420 flushing nmethod 0x0000021e65338190
Event: 71.366 Thread 0x0000021e7912a420 flushing nmethod 0x0000021e6533a510
Event: 71.367 Thread 0x0000021e7912a420 flushing nmethod 0x0000021e65340c10
Event: 71.367 Thread 0x0000021e7912a420 flushing nmethod 0x0000021e65341690
Event: 71.367 Thread 0x0000021e7912a420 flushing nmethod 0x0000021e65342910
Event: 71.367 Thread 0x0000021e7912a420 flushing nmethod 0x0000021e65345b90
Event: 71.367 Thread 0x0000021e7912a420 flushing nmethod 0x0000021e6539f190
Event: 71.369 Thread 0x0000021e7912a420 flushing nmethod 0x0000021e654ac090


Dynamic libraries:
0x00007ff635910000 - 0x00007ff635920000 	C:\Program Files\Java\jdk-17\bin\java.exe
0x00007ffb16b70000 - 0x00007ffb16d87000 	C:\WINDOWS\SYSTEM32\ntdll.dll
0x00007ffb15ed0000 - 0x00007ffb15f94000 	C:\WINDOWS\System32\KERNEL32.DLL
0x00007ffb14340000 - 0x00007ffb146e6000 	C:\WINDOWS\System32\KERNELBASE.dll
0x00007ffb146f0000 - 0x00007ffb14801000 	C:\WINDOWS\System32\ucrtbase.dll
0x00007ffafa270000 - 0x00007ffafa289000 	C:\Program Files\Java\jdk-17\bin\jli.dll
0x00007ffb14c40000 - 0x00007ffb14cf3000 	C:\WINDOWS\System32\ADVAPI32.dll
0x00007ffae99f0000 - 0x00007ffae9a0b000 	C:\Program Files\Java\jdk-17\bin\VCRUNTIME140.dll
0x00007ffb14d00000 - 0x00007ffb14da7000 	C:\WINDOWS\System32\msvcrt.dll
0x00007ffb161f0000 - 0x00007ffb16298000 	C:\WINDOWS\System32\sechost.dll
0x00007ffb14150000 - 0x00007ffb14178000 	C:\WINDOWS\System32\bcrypt.dll
0x00007ffb15fa0000 - 0x00007ffb160b7000 	C:\WINDOWS\System32\RPCRT4.dll
0x00007ffb159b0000 - 0x00007ffb15b5e000 	C:\WINDOWS\System32\USER32.dll
0x00007ffb14810000 - 0x00007ffb14836000 	C:\WINDOWS\System32\win32u.dll
0x00007ffb15e20000 - 0x00007ffb15e49000 	C:\WINDOWS\System32\GDI32.dll
0x00007ffb14220000 - 0x00007ffb14338000 	C:\WINDOWS\System32\gdi32full.dll
0x00007ffb14180000 - 0x00007ffb1421a000 	C:\WINDOWS\System32\msvcp_win.dll
0x00007ffb03890000 - 0x00007ffb03b23000 	C:\WINDOWS\WinSxS\amd64_microsoft.windows.common-controls_6595b64144ccf1df_6.0.22621.2506_none_270c5ae97388e100\COMCTL32.dll
0x00007ffb0bfb0000 - 0x00007ffb0bfba000 	C:\WINDOWS\SYSTEM32\VERSION.dll
0x00007ffb16620000 - 0x00007ffb16651000 	C:\WINDOWS\System32\IMM32.DLL
0x00007ffb10e40000 - 0x00007ffb10e4c000 	C:\Program Files\Java\jdk-17\bin\vcruntime140_1.dll
0x00007ffad86d0000 - 0x00007ffad875e000 	C:\Program Files\Java\jdk-17\bin\msvcp140.dll
0x00007ffa6f760000 - 0x00007ffa7033f000 	C:\Program Files\Java\jdk-17\bin\server\jvm.dll
0x00007ffb159a0000 - 0x00007ffb159a8000 	C:\WINDOWS\System32\PSAPI.DLL
0x00007ffb0fd70000 - 0x00007ffb0fd79000 	C:\WINDOWS\SYSTEM32\WSOCK32.dll
0x00007ffb160c0000 - 0x00007ffb16131000 	C:\WINDOWS\System32\WS2_32.dll
0x00007ffb0c450000 - 0x00007ffb0c484000 	C:\WINDOWS\SYSTEM32\WINMM.dll
0x00007ffb12eb0000 - 0x00007ffb12ec8000 	C:\WINDOWS\SYSTEM32\kernel.appcore.dll
0x00007ffb0fd80000 - 0x00007ffb0fd8a000 	C:\Program Files\Java\jdk-17\bin\jimage.dll
0x00007ffb11940000 - 0x00007ffb11b73000 	C:\WINDOWS\SYSTEM32\DBGHELP.DLL
0x00007ffb15610000 - 0x00007ffb15999000 	C:\WINDOWS\System32\combase.dll
0x00007ffb14950000 - 0x00007ffb14a27000 	C:\WINDOWS\System32\OLEAUT32.dll
0x00007ffafc890000 - 0x00007ffafc8c2000 	C:\WINDOWS\SYSTEM32\dbgcore.DLL
0x00007ffb14840000 - 0x00007ffb148ba000 	C:\WINDOWS\System32\bcryptPrimitives.dll
0x00007ffae8050000 - 0x00007ffae8075000 	C:\Program Files\Java\jdk-17\bin\java.dll
0x00007ffad2a70000 - 0x00007ffad2b47000 	C:\Program Files\Java\jdk-17\bin\jsvml.dll
0x00007ffb14db0000 - 0x00007ffb1560b000 	C:\WINDOWS\System32\SHELL32.dll
0x00007ffb11dc0000 - 0x00007ffb126b6000 	C:\WINDOWS\SYSTEM32\windows.storage.dll
0x00007ffb11c80000 - 0x00007ffb11dbe000 	C:\WINDOWS\SYSTEM32\wintypes.dll
0x00007ffb16520000 - 0x00007ffb16613000 	C:\WINDOWS\System32\SHCORE.dll
0x00007ffb15e50000 - 0x00007ffb15eae000 	C:\WINDOWS\System32\shlwapi.dll
0x00007ffb13de0000 - 0x00007ffb13e06000 	C:\WINDOWS\SYSTEM32\profapi.dll
0x00007ffae7340000 - 0x00007ffae7359000 	C:\Program Files\Java\jdk-17\bin\net.dll
0x00007ffb0d2e0000 - 0x00007ffb0d417000 	C:\WINDOWS\SYSTEM32\WINHTTP.dll
0x00007ffb13330000 - 0x00007ffb13399000 	C:\WINDOWS\system32\mswsock.dll
0x00007ffae67c0000 - 0x00007ffae67d6000 	C:\Program Files\Java\jdk-17\bin\nio.dll
0x00007ffae5b20000 - 0x00007ffae5b38000 	C:\Program Files\Java\jdk-17\bin\zip.dll
0x00007ffb0fca0000 - 0x00007ffb0fcb0000 	C:\Program Files\Java\jdk-17\bin\verify.dll

dbghelp: loaded successfully - version: 4.0.5 - missing functions: none
symbol engine: initialized successfully - sym options: 0x614 - pdb path: .;C:\Program Files\Java\jdk-17\bin;C:\WINDOWS\SYSTEM32;C:\WINDOWS\WinSxS\amd64_microsoft.windows.common-controls_6595b64144ccf1df_6.0.22621.2506_none_270c5ae97388e100;C:\Program Files\Java\jdk-17\bin\server

VM Arguments:
java_command: org.jetbrains.kotlin.cli.jvm.K2JVMCompiler @D:\thecoffeeshop\node_modules\react-native-screens\android\build\20240304_16306016836426352441.compiler.options
java_class_path (initial): C:\Users\Dell\.gradle\caches\modules-2\files-2.1\org.jetbrains.kotlin\kotlin-compiler-embeddable\1.8.0\eb9118d4bcceaa2a94b2ae2a33a4ddba7c9a947f\kotlin-compiler-embeddable-1.8.0.jar;C:\Users\Dell\.gradle\caches\modules-2\files-2.1\org.jetbrains.kotlin\kotlin-stdlib\1.8.0\1796921c7a3e2e2665a83e6c8d33399336cd39bc\kotlin-stdlib-1.8.0.jar;C:\Users\Dell\.gradle\caches\modules-2\files-2.1\org.jetbrains.kotlin\kotlin-script-runtime\1.8.0\b2f7e760d283cb339974851c222a4c1d48f2d3d\kotlin-script-runtime-1.8.0.jar;C:\Users\Dell\.gradle\caches\modules-2\files-2.1\org.jetbrains.kotlin\kotlin-reflect\1.6.10\1cbe9c92c12a94eea200d23c2bbaedaf3daf5132\kotlin-reflect-1.6.10.jar;C:\Users\Dell\.gradle\caches\modules-2\files-2.1\org.jetbrains.kotlin\kotlin-daemon-embeddable\1.8.0\d255216c551685dc3a7e852b53617f5f01aaaa5c\kotlin-daemon-embeddable-1.8.0.jar;C:\Users\Dell\.gradle\caches\modules-2\files-2.1\org.jetbrains.intellij.deps\trove4j\1.0.20200330\3afb14d5f9ceb459d724e907a21145e8ff394f02\trove4j-1.0.20200330.jar;C:\Users\Dell\.gradle\caches\modules-2\files-2.1\net.java.dev.jna\jna\5.6.0\330f2244e9030119ab3030fc3fededc86713d9cc\jna-5.6.0.jar;C:\Users\Dell\.gradle\caches\modules-2\files-2.1\org.jetbrains.kotlin\kotlin-stdlib-common\1.8.0\f7197e7cc76453ac59f8b0f8d5137cc600becd36\kotlin-stdlib-common-1.8.0.jar;C:\Users\Dell\.gradle\caches\modules-2\files-2.1\org.jetbrains\annotations\13.0\919f0dfe192fb4e063e7dacadee7f8bb9a2672a9\annotations-13.0.jar
Launcher Type: SUN_STANDARD

[Global flags]
     intx CICompilerCount                          = 4                                         {product} {ergonomic}
     uint ConcGCThreads                            = 2                                         {product} {ergonomic}
     uint G1ConcRefinementThreads                  = 8                                         {product} {ergonomic}
   size_t G1HeapRegionSize                         = 1048576                                   {product} {ergonomic}
    uintx GCDrainStackTargetSize                   = 64                                        {product} {ergonomic}
   size_t InitialHeapSize                          = 130023424                                 {product} {ergonomic}
   size_t MarkStackSize                            = 4194304                                   {product} {ergonomic}
   size_t MaxHeapSize                              = 2076180480                                {product} {ergonomic}
   size_t MaxNewSize                               = 1245708288                                {product} {ergonomic}
   size_t MinHeapDeltaBytes                        = 1048576                                   {product} {ergonomic}
   size_t MinHeapSize                              = 8388608                                   {product} {ergonomic}
    uintx NonNMethodCodeHeapSize                   = 5839372                                {pd product} {ergonomic}
    uintx NonProfiledCodeHeapSize                  = 122909434                              {pd product} {ergonomic}
    uintx ProfiledCodeHeapSize                     = 122909434                              {pd product} {ergonomic}
    uintx ReservedCodeCacheSize                    = 251658240                              {pd product} {ergonomic}
     bool SegmentedCodeCache                       = true                                      {product} {ergonomic}
   size_t SoftMaxHeapSize                          = 2076180480                             {manageable} {ergonomic}
     bool UseCompressedClassPointers               = true                           {product lp64_product} {ergonomic}
     bool UseCompressedOops                        = true                           {product lp64_product} {ergonomic}
     bool UseG1GC                                  = true                                      {product} {ergonomic}
     bool UseLargePagesIndividualAllocation        = false                                  {pd product} {ergonomic}

Logging:
Log output configuration:
 #0: stdout all=warning uptime,level,tags
 #1: stderr all=off uptime,level,tags

Environment Variables:
CLASSPATH=D:\thecoffeeshop\android\\gradle\wrapper\gradle-wrapper.jar
PATH=D:\thecoffeeshop\node_modules\.bin;D:\thecoffeeshop\node_modules\.bin;D:\node_modules\.bin;C:\Users\Dell\AppData\Roaming\npm\node_modules\npm\node_modules\@npmcli\run-script\lib\node-gyp-bin;C:\Program Files\Google\Chrome\Application;C:\Program Files\Common Files\Oracle\Java\javapath;C:\WINDOWS\system32;C:\WINDOWS;C:\WINDOWS\System32\Wbem;C:\WINDOWS\System32\WindowsPowerShell\v1.0\;C:\WINDOWS\System32\OpenSSH\;C:\Program Files\Microsoft SQL Server\150\Tools\Binn\;C:\Program Files\Microsoft SQL Server\Client SDK\ODBC\170\Tools\Binn\;C:\Program Files\dotnet\;C:\ProgramData\chocolatey\bin;D:\Git\cmd;C:\;C:\Program Files\MongoDB\Server\6.0\bin;C:\xampp\php;C:\Program Files\Java\jdk-17\bin;C:\Users\Dell\AppData\Local\Microsoft\WindowsApps;C:\Users\Dell\.dotnet\tools;C:\Users\Dell\AppData\Local\GitHubDesktop\bin;C:\Users\Dell\react\Microsoft VS Code\bin;C:\Users\Dell\AppData\Local\Programs\Microsoft VS Code\bin;C:\Users\Dell\AppData\Roaming\npm;C:\Program Files\MongoDB\Server\6.0\bin;C:\Users\Dell\AppData\Local\Android\Sdk\platform-tools;C:\Program Files\Java\jdk-17\bin;
USERNAME=Dell
LANG=en_US.UTF-8
OS=Windows_NT
PROCESSOR_IDENTIFIER=Intel64 Family 6 Model 140 Stepping 1, GenuineIntel



---------------  S Y S T E M  ---------------

OS:
 Windows 11 , 64 bit Build 22621 (10.0.22621.3085)
OS uptime: 11 days 23:52 hours
Hyper-V role detected

CPU: total 8 (initial active 8) (4 cores per cpu, 2 threads per core) family 6 model 140 stepping 1 microcode 0xb4, cx8, cmov, fxsr, ht, mmx, 3dnowpref, sse, sse2, sse3, ssse3, sse4.1, sse4.2, popcnt, lzcnt, tsc, tscinvbit, avx, avx2, aes, erms, clmul, bmi1, bmi2, adx, avx512f, avx512dq, avx512cd, avx512bw, avx512vl, sha, fma, vzeroupper, avx512_vpopcntdq, avx512_vpclmulqdq, avx512_vaes, avx512_vnni, clflush, clflushopt, clwb, avx512_vbmi2, avx512_vbmi, hv

Memory: 4k page, system-wide physical 7914M (298M free)
TotalPageFile size 17914M (AvailPageFile size 0M)
current process WorkingSet (physical memory assigned to process): 431M, peak: 440M
current process commit charge ("private bytes"): 531M, peak: 538M

vm_info: Java HotSpot(TM) 64-Bit Server VM (17.0.10+11-LTS-240) for windows-amd64 JRE (17.0.10+11-LTS-240), built on Dec 19 2023 21:47:25 by "mach5one" with MS VC++ 17.1 (VS2022)

END.
